{"total": {"lines":{"total":88,"covered":88,"skipped":0,"pct":100},"statements":{"total":94,"covered":94,"skipped":0,"pct":100},"functions":{"total":23,"covered":23,"skipped":0,"pct":100},"branches":{"total":28,"covered":28,"skipped":0,"pct":100},"branchesTrue":{"total":0,"covered":0,"skipped":0,"pct":"Unknown"}}
,"/Users/nema/cs220/hw3/03-lists-adt/src/lists.ts": {"lines":{"total":88,"covered":88,"skipped":0,"pct":100},"functions":{"total":23,"covered":23,"skipped":0,"pct":100},"statements":{"total":94,"covered":94,"skipped":0,"pct":100},"branches":{"total":28,"covered":28,"skipped":0,"pct":100}}
}
