TN:
SF:src/lists.ts
FN:3,calculateProducts
FN:23,sumList
FN:30,insertOrdered
FN:38,everyNRev
FN:41,(anonymous_4)
FN:50,everyNCond
FN:54,(anonymous_6)
FN:65,keepTrendMiddles
FN:92,keepLocalMaxima
FN:93,(anonymous_9)
FN:96,keepLocalMinima
FN:97,(anonymous_11)
FN:100,keepLocalMinimaAndMaxima
FN:101,(anonymous_13)
FN:102,(anonymous_14)
FN:115,nonNegativeProducts
FN:116,(anonymous_16)
FN:119,negativeProducts
FN:120,(anonymous_18)
FN:123,deleteFirst
FN:135,deleteLast
FN:136,helper
FN:155,squashList
FNF:23
FNH:23
FNDA:7,calculateProducts
FNDA:22,sumList
FNDA:48,insertOrdered
FNDA:6,everyNRev
FNDA:30,(anonymous_4)
FNDA:6,everyNCond
FNDA:18,(anonymous_6)
FNDA:24,keepTrendMiddles
FNDA:5,keepLocalMaxima
FNDA:23,(anonymous_9)
FNDA:5,keepLocalMinima
FNDA:23,(anonymous_11)
FNDA:4,keepLocalMinimaAndMaxima
FNDA:23,(anonymous_13)
FNDA:23,(anonymous_14)
FNDA:3,nonNegativeProducts
FNDA:15,(anonymous_16)
FNDA:4,negativeProducts
FNDA:18,(anonymous_18)
FNDA:21,deleteFirst
FNDA:6,deleteLast
FNDA:51,helper
FNDA:27,squashList
DA:1,1
DA:4,7
DA:5,7
DA:7,7
DA:8,33
DA:10,33
DA:11,11
DA:12,11
DA:14,22
DA:17,33
DA:20,7
DA:24,22
DA:25,8
DA:27,14
DA:30,1
DA:31,48
DA:32,18
DA:35,30
DA:38,1
DA:39,6
DA:41,6
DA:42,30
DA:43,30
DA:44,9
DA:46,21
DA:50,1
DA:51,6
DA:52,6
DA:54,6
DA:55,18
DA:56,18
DA:57,8
DA:59,10
DA:62,6
DA:65,1
DA:69,24
DA:70,8
DA:73,16
DA:74,16
DA:75,16
DA:77,16
DA:78,103
DA:79,103
DA:81,103
DA:82,12
DA:85,103
DA:86,103
DA:89,16
DA:92,1
DA:93,23
DA:96,1
DA:97,23
DA:100,1
DA:101,23
DA:102,23
DA:104,4
DA:105,4
DA:107,4
DA:108,2
DA:109,2
DA:112,4
DA:115,1
DA:116,15
DA:119,1
DA:120,18
DA:123,1
DA:124,21
DA:125,2
DA:128,19
DA:129,4
DA:132,15
DA:135,1
DA:137,51
DA:138,6
DA:141,45
DA:143,45
DA:144,4
DA:147,41
DA:150,6
DA:152,6
DA:155,1
DA:156,27
DA:157,5
DA:160,22
DA:161,14
DA:162,14
DA:165,8
DA:167,8
LF:88
LH:88
BRDA:10,0,0,11
BRDA:10,0,1,22
BRDA:24,1,0,8
BRDA:31,2,0,18
BRDA:31,3,0,48
BRDA:31,3,1,42
BRDA:43,4,0,9
BRDA:56,5,0,8
BRDA:69,6,0,8
BRDA:69,7,0,24
BRDA:69,7,1,19
BRDA:81,8,0,12
BRDA:93,9,0,23
BRDA:93,9,1,5
BRDA:97,10,0,23
BRDA:97,10,1,5
BRDA:101,11,0,23
BRDA:101,11,1,14
BRDA:102,12,0,23
BRDA:102,12,1,5
BRDA:124,13,0,2
BRDA:128,14,0,4
BRDA:137,15,0,6
BRDA:143,16,0,4
BRDA:143,17,0,45
BRDA:143,17,1,23
BRDA:156,18,0,5
BRDA:160,19,0,14
BRF:28
BRH:28
end_of_record
