{"total": {"lines":{"total":41,"covered":41,"skipped":0,"pct":100},"statements":{"total":47,"covered":47,"skipped":0,"pct":100},"functions":{"total":8,"covered":8,"skipped":0,"pct":100},"branches":{"total":4,"covered":4,"skipped":0,"pct":100},"branchesTrue":{"total":0,"covered":0,"skipped":0,"pct":"Unknown"}}
,"/Users/nema/cs220/hw1/01-image-processing/src/imageProcessing.ts": {"lines":{"total":41,"covered":41,"skipped":0,"pct":100},"functions":{"total":8,"covered":8,"skipped":0,"pct":100},"statements":{"total":47,"covered":47,"skipped":0,"pct":100},"branches":{"total":4,"covered":4,"skipped":0,"pct":100}}
}
