TN:
SF:src/imageProcessing.ts
FN:8,saturateGreen
FN:29,flipColors
FN:55,mapLine
FN:78,imageMap
FN:94,mapToGreen
FN:97,(anonymous_5)
FN:110,mapFlipColors
FN:113,(anonymous_7)
FNF:8
FNH:8
FNDA:4,saturateGreen
FNDA:4,flipColors
FNDA:125,mapLine
FNDA:13,imageMap
FNDA:4,mapToGreen
FNDA:28,(anonymous_5)
FNDA:4,mapFlipColors
FNDA:6,(anonymous_7)
DA:8,1
DA:11,4
DA:13,4
DA:14,24
DA:15,311
DA:16,311
DA:20,4
DA:29,1
DA:32,4
DA:33,13
DA:34,103
DA:35,103
DA:36,103
DA:37,103
DA:39,103
DA:43,4
DA:55,1
DA:58,125
DA:59,1
DA:62,124
DA:63,10062
DA:64,10062
DA:65,10062
DA:68,124
DA:78,1
DA:81,13
DA:83,13
DA:84,120
DA:86,13
DA:94,1
DA:97,4
DA:98,28
DA:101,4
DA:110,1
DA:113,4
DA:114,6
DA:116,6
DA:117,6
DA:118,6
DA:120,6
DA:123,4
LF:41
LH:41
BRDA:58,0,0,1
BRDA:58,1,0,125
BRDA:58,1,1,125
BRDA:58,1,2,124
BRF:4
BRH:4
end_of_record
