{"total": {"lines":{"total":63,"covered":62,"skipped":0,"pct":98.41},"statements":{"total":73,"covered":72,"skipped":0,"pct":98.63},"functions":{"total":22,"covered":22,"skipped":0,"pct":100},"branches":{"total":14,"covered":12,"skipped":0,"pct":85.71},"branchesTrue":{"total":0,"covered":0,"skipped":0,"pct":"Unknown"}}
,"/Users/nema/cs220/hw6/06-streams-and-series/src/series.ts": {"lines":{"total":63,"covered":62,"skipped":0,"pct":98.41},"functions":{"total":22,"covered":22,"skipped":0,"pct":100},"statements":{"total":73,"covered":72,"skipped":0,"pct":98.63},"branches":{"total":14,"covered":12,"skipped":0,"pct":85.71}}
}
