TN:
SF:src/series.ts
FN:5,addSeries
FN:9,(anonymous_1)
FN:12,scaleSeries
FN:17,(anonymous_3)
FN:20,prodSeries
FN:33,(anonymous_5)
FN:38,derivSeries
FN:41,helper
FN:43,(anonymous_8)
FN:49,coeff
FN:65,evalSeries
FN:68,getSum
FN:82,applySeries
FN:85,(anonymous_13)
FN:88,expSeries
FN:91,calcNext
FN:96,calcPosition
FN:105,recurSeries
FN:109,(anonymous_18)
FN:119,buildStream
FN:121,(anonymous_20)
FN:124,(anonymous_21)
FNF:22
FNH:22
FNDA:13,addSeries
FNDA:9,(anonymous_1)
FNDA:9,scaleSeries
FNDA:6,(anonymous_3)
FNDA:4,prodSeries
FNDA:3,(anonymous_5)
FNDA:1,derivSeries
FNDA:3,helper
FNDA:2,(anonymous_8)
FNDA:1,coeff
FNDA:1,evalSeries
FNDA:1,getSum
FNDA:9,applySeries
FNDA:7,(anonymous_13)
FNDA:1,expSeries
FNDA:4,calcNext
FNDA:4,calcPosition
FNDA:1,recurSeries
FNDA:3,(anonymous_18)
FNDA:5,buildStream
FNDA:2,(anonymous_20)
FNDA:2,(anonymous_21)
DA:1,1
DA:5,1
DA:7,13
DA:8,10
DA:9,9
DA:13,9
DA:14,3
DA:17,6
DA:20,1
DA:23,4
DA:24,1
DA:26,3
DA:27,0
DA:30,3
DA:31,3
DA:33,3
DA:34,3
DA:38,1
DA:42,3
DA:43,2
DA:46,1
DA:49,1
DA:52,1
DA:53,1
DA:54,1
DA:56,1
DA:57,3
DA:58,3
DA:59,3
DA:62,1
DA:65,1
DA:68,1
DA:69,1
DA:70,1
DA:71,1
DA:72,1
DA:73,4
DA:74,4
DA:75,4
DA:78,1
DA:82,1
DA:85,9
DA:88,1
DA:92,4
DA:95,1
DA:97,4
DA:98,4
DA:99,4
DA:102,1
DA:105,1
DA:107,1
DA:109,1
DA:110,3
DA:111,3
DA:112,6
DA:114,3
DA:115,3
DA:116,3
DA:120,5
DA:121,2
DA:123,3
DA:124,3
DA:128,1
LF:63
LH:62
BRDA:7,0,0,3
BRDA:8,1,0,1
BRDA:13,2,0,3
BRDA:23,3,0,1
BRDA:26,4,0,0
BRDA:42,5,0,1
BRDA:46,6,0,0
BRDA:46,6,1,1
BRDA:56,7,0,4
BRDA:56,7,1,3
BRDA:72,8,0,5
BRDA:72,8,1,4
BRDA:120,9,0,2
BRDA:120,9,1,3
BRF:14
BRH:12
end_of_record
