{"total": {"lines":{"total":51,"covered":51,"skipped":0,"pct":100},"statements":{"total":60,"covered":60,"skipped":0,"pct":100},"functions":{"total":12,"covered":12,"skipped":0,"pct":100},"branches":{"total":13,"covered":13,"skipped":0,"pct":100},"branchesTrue":{"total":0,"covered":0,"skipped":0,"pct":"Unknown"}}
,"/Users/nema/cs220/hw2/02-image-processing-with-hof/src/imageProcessingHOF.ts": {"lines":{"total":51,"covered":51,"skipped":0,"pct":100},"functions":{"total":12,"covered":12,"skipped":0,"pct":100},"statements":{"total":60,"covered":60,"skipped":0,"pct":100},"branches":{"total":13,"covered":13,"skipped":0,"pct":100}}
}
