TN:
SF:src/imageProcessingHOF.ts
FN:3,imageMapCoord
FN:17,imageMapIf
FN:22,getColor
FN:34,mapWindow
FN:42,isInWindow
FN:50,isGrayish
FN:60,makeGrayish
FN:63,grayScale
FN:69,isGrayishFunc
FN:78,pixelBlur
FN:109,imageBlur
FN:112,blurredPixel
FNF:12
FNH:12
FNDA:31,imageMapCoord
FNDA:17,imageMapIf
FNDA:139,getColor
FNDA:9,mapWindow
FNDA:113,isInWindow
FNDA:36,isGrayish
FNDA:6,makeGrayish
FNDA:6,grayScale
FNDA:18,isGrayishFunc
FNDA:9,pixelBlur
FNDA:1,imageBlur
FNDA:4,blurredPixel
DA:3,1
DA:6,31
DA:8,31
DA:9,82
DA:10,303
DA:14,31
DA:17,1
DA:23,139
DA:25,139
DA:27,96
DA:30,17
DA:34,1
DA:43,113
DA:44,78
DA:47,9
DA:50,1
DA:53,36
DA:54,36
DA:56,36
DA:57,11
DA:60,1
DA:64,6
DA:65,6
DA:66,6
DA:70,18
DA:71,18
DA:72,6
DA:75,6
DA:78,1
DA:81,9
DA:82,9
DA:83,27
DA:84,81
DA:85,81
DA:87,81
DA:88,36
DA:93,9
DA:94,9
DA:95,9
DA:96,9
DA:97,36
DA:98,36
DA:99,36
DA:102,9
DA:103,9
DA:104,9
DA:106,9
DA:109,1
DA:113,4
DA:116,1
DA:118,1
LF:51
LH:51
BRDA:25,0,0,43
BRDA:43,1,0,35
BRDA:43,2,0,113
BRDA:43,2,1,78
BRDA:43,2,2,44
BRDA:43,2,3,40
BRDA:56,3,0,25
BRDA:71,4,0,12
BRDA:87,5,0,36
BRDA:87,6,0,81
BRDA:87,6,1,69
BRDA:87,6,2,60
BRDA:87,6,3,47
BRF:13
BRH:13
end_of_record
