TN:
SF:src/closures-iterators.ts
FN:8,composeList
FN:9,(anonymous_1)
FN:12,(anonymous_2)
FN:13,(anonymous_3)
FN:15,(anonymous_4)
FN:19,composeFunctions
FN:20,(anonymous_6)
FN:22,(anonymous_7)
FN:24,(anonymous_8)
FN:34,composeBinary
FN:35,(anonymous_10)
FN:35,(anonymous_11)
FN:37,(anonymous_12)
FN:37,(anonymous_13)
FN:38,(anonymous_14)
FN:44,enumRatios
FN:48,gcd
FN:54,(anonymous_17)
FN:73,cycleArr
FN:75,(anonymous_19)
FN:79,hasNext
FN:83,next
FN:124,dovetail
FN:129,(anonymous_23)
FN:149,(anonymous_24)
FN:155,(anonymous_25)
FNF:26
FNH:26
FNDA:10,composeList
FNDA:3,(anonymous_1)
FNDA:23,(anonymous_2)
FNDA:66,(anonymous_3)
FNDA:24,(anonymous_4)
FNDA:8,composeFunctions
FNDA:1,(anonymous_6)
FNDA:7,(anonymous_7)
FNDA:19,(anonymous_8)
FNDA:8,composeBinary
FNDA:1,(anonymous_10)
FNDA:1,(anonymous_11)
FNDA:7,(anonymous_12)
FNDA:7,(anonymous_13)
FNDA:15,(anonymous_14)
FNDA:4,enumRatios
FNDA:169,gcd
FNDA:35,(anonymous_17)
FNDA:11,cycleArr
FNDA:18,(anonymous_19)
FNDA:71,hasNext
FNDA:36,next
FNDA:9,dovetail
FNDA:32,(anonymous_23)
FNDA:32,(anonymous_24)
FNDA:32,(anonymous_25)
DA:8,1
DA:9,10
DA:11,9
DA:13,66
DA:15,24
DA:19,1
DA:20,8
DA:22,7
DA:23,7
DA:25,19
DA:27,19
DA:34,1
DA:35,8
DA:37,7
DA:38,7
DA:39,15
DA:44,1
DA:45,4
DA:46,4
DA:49,169
DA:51,81
DA:54,4
DA:55,35
DA:56,35
DA:58,35
DA:59,53
DA:60,53
DA:61,53
DA:63,53
DA:64,11
DA:65,11
DA:69,35
DA:73,1
DA:74,11
DA:75,18
DA:76,11
DA:77,11
DA:80,71
DA:84,36
DA:85,1
DA:89,35
DA:91,35
DA:92,46
DA:93,11
DA:94,11
DA:97,35
DA:98,35
DA:99,35
DA:101,35
DA:102,4
DA:105,31
DA:107,31
DA:108,10
DA:109,10
DA:112,31
DA:115,31
DA:118,31
DA:121,11
DA:124,1
DA:125,9
DA:126,9
DA:127,9
DA:129,9
DA:130,32
DA:132,32
DA:133,32
DA:135,32
DA:136,67
DA:137,31
DA:138,31
DA:139,31
DA:143,32
DA:144,2
DA:148,9
DA:150,32
DA:151,26
DA:153,32
DA:156,32
DA:157,4
DA:160,32
DA:161,1
DA:164,31
DA:166,31
DA:167,1
DA:169,30
LF:85
LH:85
BRDA:9,0,0,1
BRDA:20,1,0,1
BRDA:35,2,0,1
BRDA:49,3,0,88
BRDA:63,4,0,11
BRDA:84,5,0,1
BRDA:92,6,0,11
BRDA:98,7,0,35
BRDA:101,8,0,4
BRDA:107,9,0,10
BRDA:130,10,0,0
BRDA:135,11,0,99
BRDA:135,11,1,82
BRDA:136,12,0,31
BRDA:143,13,0,2
BRDA:143,14,0,32
BRDA:143,14,1,9
BRDA:150,15,0,26
BRDA:156,16,0,4
BRDA:160,17,0,1
BRDA:166,18,0,1
BRF:21
BRH:20
end_of_record
